[01-Jun-2026 10:32:18] ERROR: Another FPM instance seems to already listen on /var/www/vhosts/system/qordy.com/php-fpm.sock
[01-Jun-2026 10:32:18] ERROR: FPM initialization failed
[01-Jun-2026 12:36:05] WARNING: [pool qordy.com] child 134631 said into stderr: "PHP message: PHP Warning:  require_once(/var/www/vhosts/qordy.com/httpdocs/public/../app/core/DependencyFactory.php): Failed to open stream: No such file or directory in /var/www/vhosts/qordy.com/httpdocs/public/sitemap.php on line 10"
[01-Jun-2026 12:36:05] WARNING: [pool qordy.com] child 134631 said into stderr: "PHP message: PHP Fatal error:  Uncaught Error: Failed opening required '/var/www/vhosts/qordy.com/httpdocs/public/../app/core/DependencyFactory.php' (include_path='.:/opt/plesk/php/8.2/share/pear') in /var/www/vhosts/qordy.com/httpdocs/public/sitemap.php:10"
[01-Jun-2026 12:36:05] WARNING: [pool qordy.com] child 134631 said into stderr: "Stack trace:"
[01-Jun-2026 12:36:05] WARNING: [pool qordy.com] child 134631 said into stderr: "#0 {main}"
[01-Jun-2026 12:36:05] WARNING: [pool qordy.com] child 134631 said into stderr: "  thrown in /var/www/vhosts/qordy.com/httpdocs/public/sitemap.php on line 10"
[01-Jun-2026 12:36:48] WARNING: [pool qordy.com] child 135310 said into stderr: "PHP message: PHP Fatal error:  Cannot declare class App\Core\Container, because the name is already in use in /var/www/vhosts/qordy.com/httpdocs/app/Foundation/Container.php on line 9"
[01-Jun-2026 12:36:48] WARNING: [pool qordy.com] child 135310 said into stderr: "PHP message: PHP Fatal error:  Cannot declare class App\Core\Container, because the name is already in use in /var/www/vhosts/qordy.com/httpdocs/app/Foundation/Container.php on line 9"
[01-Jun-2026 12:36:48] WARNING: [pool qordy.com] child 135310 said into stderr: "PHP message: PHP Fatal error:  Cannot declare class App\Core\Container, because the name is already in use in /var/www/vhosts/qordy.com/httpdocs/app/Foundation/Container.php on line 9"
[01-Jun-2026 12:36:49] WARNING: [pool qordy.com] child 135310 said into stderr: "PHP message: PHP Fatal error:  Cannot declare class App\Core\Container, because the name is already in use in /var/www/vhosts/qordy.com/httpdocs/app/Foundation/Container.php on line 9"
[01-Jun-2026 12:36:49] WARNING: [pool qordy.com] child 135310 said into stderr: "PHP message: PHP Fatal error:  Cannot declare class App\Core\Container, because the name is already in use in /var/www/vhosts/qordy.com/httpdocs/app/Foundation/Container.php on line 9"
[01-Jun-2026 12:36:49] WARNING: [pool qordy.com] child 135310 said into stderr: "PHP message: PHP Fatal error:  Cannot declare class App\Core\Container, because the name is already in use in /var/www/vhosts/qordy.com/httpdocs/app/Foundation/Container.php on line 9"
[01-Jun-2026 12:36:49] WARNING: [pool qordy.com] child 135310 said into stderr: "PHP message: PHP Fatal error:  Cannot declare class App\Core\Container, because the name is already in use in /var/www/vhosts/qordy.com/httpdocs/app/Foundation/Container.php on line 9"
[01-Jun-2026 12:36:49] WARNING: [pool qordy.com] child 135310 said into stderr: "PHP message: PHP Fatal error:  Cannot declare class App\Core\Container, because the name is already in use in /var/www/vhosts/qordy.com/httpdocs/app/Foundation/Container.php on line 9"
[01-Jun-2026 12:36:49] WARNING: [pool qordy.com] child 135310 said into stderr: "PHP message: PHP Fatal error:  Cannot declare class App\Core\Container, because the name is already in use in /var/www/vhosts/qordy.com/httpdocs/app/Foundation/Container.php on line 9"
[01-Jun-2026 12:36:49] WARNING: [pool qordy.com] child 135310 said into stderr: "PHP message: PHP Fatal error:  Cannot declare class App\Core\Container, because the name is already in use in /var/www/vhosts/qordy.com/httpdocs/app/Foundation/Container.php on line 9"
[01-Jun-2026 12:37:24] WARNING: [pool qordy.com] child 136775 said into stderr: "PHP message: PHP Fatal error:  Cannot declare class App\Core\Container, because the name is already in use in /var/www/vhosts/qordy.com/httpdocs/app/Foundation/Container.php on line 9"
[01-Jun-2026 12:39:02] WARNING: [pool qordy.com] child 139003 said into stderr: "PHP message: PHP Fatal error:  Cannot declare class App\Core\Container, because the name is already in use in /var/www/vhosts/qordy.com/httpdocs/app/Foundation/Container.php on line 9"
[01-Jun-2026 12:44:03] WARNING: [pool qordy.com] child 144899 said into stderr: "PHP message: PHP Fatal error:  Cannot declare class App\Core\Container, because the name is already in use in /var/www/vhosts/qordy.com/httpdocs/app/Foundation/Container.php on line 9"
[01-Jun-2026 12:47:44] WARNING: [pool qordy.com] child 148312 said into stderr: "PHP message: PHP Fatal error:  Cannot declare class App\Core\Container, because the name is already in use in /var/www/vhosts/qordy.com/httpdocs/app/Foundation/Container.php on line 9"
[01-Jun-2026 12:47:44] WARNING: [pool qordy.com] child 148312 said into stderr: "PHP message: PHP Fatal error:  Cannot declare class App\Core\Container, because the name is already in use in /var/www/vhosts/qordy.com/httpdocs/app/Foundation/Container.php on line 9"
[01-Jun-2026 12:47:44] WARNING: [pool qordy.com] child 148312 said into stderr: "PHP message: PHP Fatal error:  Cannot declare class App\Core\Container, because the name is already in use in /var/www/vhosts/qordy.com/httpdocs/app/Foundation/Container.php on line 9"
[01-Jun-2026 12:47:44] WARNING: [pool qordy.com] child 148312 said into stderr: "PHP message: PHP Fatal error:  Cannot declare class App\Core\Container, because the name is already in use in /var/www/vhosts/qordy.com/httpdocs/app/Foundation/Container.php on line 9"
[01-Jun-2026 12:47:45] WARNING: [pool qordy.com] child 148312 said into stderr: "PHP message: PHP Fatal error:  Cannot declare class App\Core\Container, because the name is already in use in /var/www/vhosts/qordy.com/httpdocs/app/Foundation/Container.php on line 9"
[01-Jun-2026 12:47:45] WARNING: [pool qordy.com] child 148312 said into stderr: "PHP message: PHP Fatal error:  Cannot declare class App\Core\Container, because the name is already in use in /var/www/vhosts/qordy.com/httpdocs/app/Foundation/Container.php on line 9"
[01-Jun-2026 12:49:03] WARNING: [pool qordy.com] child 149395 said into stderr: "PHP message: PHP Fatal error:  Cannot declare class App\Core\Container, because the name is already in use in /var/www/vhosts/qordy.com/httpdocs/app/Foundation/Container.php on line 9"
[01-Jun-2026 12:49:24] WARNING: [pool qordy.com] child 149723 said into stderr: "PHP message: PHP Fatal error:  Cannot declare class App\Core\Container, because the name is already in use in /var/www/vhosts/qordy.com/httpdocs/app/Foundation/Container.php on line 9"
[01-Jun-2026 12:51:50] WARNING: [pool qordy.com] child 152106 said into stderr: "PHP message: PHP Warning:  require_once(/var/www/vhosts/qordy.com/httpdocs/public/../app/core/App.php): Failed to open stream: No such file or directory in /var/www/vhosts/qordy.com/httpdocs/public/index.php on line 9"
[01-Jun-2026 12:51:50] WARNING: [pool qordy.com] child 152106 said into stderr: "PHP message: PHP Fatal error:  Uncaught Error: Failed opening required '/var/www/vhosts/qordy.com/httpdocs/public/../app/core/App.php' (include_path='.:/opt/plesk/php/8.2/share/pear') in /var/www/vhosts/qordy.com/httpdocs/public/index.php:9"
[01-Jun-2026 12:51:50] WARNING: [pool qordy.com] child 152106 said into stderr: "Stack trace:"
[01-Jun-2026 12:51:50] WARNING: [pool qordy.com] child 152106 said into stderr: "#0 /var/www/vhosts/qordy.com/httpdocs/index.php(13): require()"
[01-Jun-2026 12:51:50] WARNING: [pool qordy.com] child 152106 said into stderr: "#1 {main}"
[01-Jun-2026 12:51:50] WARNING: [pool qordy.com] child 152106 said into stderr: "  thrown in /var/www/vhosts/qordy.com/httpdocs/public/index.php on line 9"
[01-Jun-2026 15:00:30] ERROR: Another FPM instance seems to already listen on /var/www/vhosts/system/qordy.com/php-fpm.sock
[01-Jun-2026 15:00:30] ERROR: FPM initialization failed
[01-Jun-2026 15:08:17] WARNING: [pool qordy.com] child 285273 said into stderr: "PHP message: PHP Warning:  require_once(/var/www/vhosts/qordy.com/httpdocs/public/../app/Foundation/Logger.php): Failed to open stream: No such file or directory in /var/www/vhosts/qordy.com/httpdocs/public/index.php on line 7"
[01-Jun-2026 15:08:17] WARNING: [pool qordy.com] child 285273 said into stderr: "PHP message: PHP Fatal error:  Uncaught Error: Failed opening required '/var/www/vhosts/qordy.com/httpdocs/public/../app/Foundation/Logger.php' (include_path='.:/opt/plesk/php/8.2/share/pear') in /var/www/vhosts/qordy.com/httpdocs/public/index.php:7"
[01-Jun-2026 15:08:17] WARNING: [pool qordy.com] child 285273 said into stderr: "Stack trace:"
[01-Jun-2026 15:08:17] WARNING: [pool qordy.com] child 285273 said into stderr: "#0 /var/www/vhosts/qordy.com/httpdocs/index.php(13): require()"
[01-Jun-2026 15:08:17] WARNING: [pool qordy.com] child 285273 said into stderr: "#1 {main}"
[01-Jun-2026 15:08:17] WARNING: [pool qordy.com] child 285273 said into stderr: "  thrown in /var/www/vhosts/qordy.com/httpdocs/public/index.php on line 7"
[01-Jun-2026 15:08:18] WARNING: [pool qordy.com] child 285273 said into stderr: "PHP message: PHP Warning:  require_once(/var/www/vhosts/qordy.com/httpdocs/public/../app/Foundation/Logger.php): Failed to open stream: No such file or directory in /var/www/vhosts/qordy.com/httpdocs/public/index.php on line 7"
[01-Jun-2026 15:08:18] WARNING: [pool qordy.com] child 285273 said into stderr: "PHP message: PHP Fatal error:  Uncaught Error: Failed opening required '/var/www/vhosts/qordy.com/httpdocs/public/../app/Foundation/Logger.php' (include_path='.:/opt/plesk/php/8.2/share/pear') in /var/www/vhosts/qordy.com/httpdocs/public/index.php:7"
[01-Jun-2026 15:08:18] WARNING: [pool qordy.com] child 285273 said into stderr: "Stack trace:"
[01-Jun-2026 15:08:18] WARNING: [pool qordy.com] child 285273 said into stderr: "#0 /var/www/vhosts/qordy.com/httpdocs/index.php(13): require()"
[01-Jun-2026 15:08:18] WARNING: [pool qordy.com] child 285273 said into stderr: "#1 {main}"
[01-Jun-2026 15:08:18] WARNING: [pool qordy.com] child 285273 said into stderr: "  thrown in /var/www/vhosts/qordy.com/httpdocs/public/index.php on line 7"
[01-Jun-2026 15:08:19] WARNING: [pool qordy.com] child 285273 said into stderr: "PHP message: PHP Warning:  require_once(/var/www/vhosts/qordy.com/httpdocs/public/../app/Foundation/Logger.php): Failed to open stream: No such file or directory in /var/www/vhosts/qordy.com/httpdocs/public/index.php on line 7"
[01-Jun-2026 15:08:19] WARNING: [pool qordy.com] child 285273 said into stderr: "PHP message: PHP Fatal error:  Uncaught Error: Failed opening required '/var/www/vhosts/qordy.com/httpdocs/public/../app/Foundation/Logger.php' (include_path='.:/opt/plesk/php/8.2/share/pear') in /var/www/vhosts/qordy.com/httpdocs/public/index.php:7"
[01-Jun-2026 15:08:19] WARNING: [pool qordy.com] child 285273 said into stderr: "Stack trace:"
[01-Jun-2026 15:08:19] WARNING: [pool qordy.com] child 285273 said into stderr: "#0 /var/www/vhosts/qordy.com/httpdocs/index.php(13): require()"
[01-Jun-2026 15:08:19] WARNING: [pool qordy.com] child 285273 said into stderr: "#1 {main}"
[01-Jun-2026 15:08:19] WARNING: [pool qordy.com] child 285273 said into stderr: "  thrown in /var/www/vhosts/qordy.com/httpdocs/public/index.php on line 7"
[01-Jun-2026 15:08:19] WARNING: [pool qordy.com] child 285273 said into stderr: "PHP message: PHP Warning:  require_once(/var/www/vhosts/qordy.com/httpdocs/public/../app/Foundation/Logger.php): Failed to open stream: No such file or directory in /var/www/vhosts/qordy.com/httpdocs/public/index.php on line 7"
[01-Jun-2026 15:08:19] WARNING: [pool qordy.com] child 285273 said into stderr: "PHP message: PHP Fatal error:  Uncaught Error: Failed opening required '/var/www/vhosts/qordy.com/httpdocs/public/../app/Foundation/Logger.php' (include_path='.:/opt/plesk/php/8.2/share/pear') in /var/www/vhosts/qordy.com/httpdocs/public/index.php:7"
[01-Jun-2026 15:08:19] WARNING: [pool qordy.com] child 285273 said into stderr: "Stack trace:"
[01-Jun-2026 15:08:19] WARNING: [pool qordy.com] child 285273 said into stderr: "#0 /var/www/vhosts/qordy.com/httpdocs/index.php(13): require()"
[01-Jun-2026 15:08:19] WARNING: [pool qordy.com] child 285273 said into stderr: "#1 {main}"
[01-Jun-2026 15:08:19] WARNING: [pool qordy.com] child 285273 said into stderr: "  thrown in /var/www/vhosts/qordy.com/httpdocs/public/index.php on line 7"
[01-Jun-2026 15:08:30] WARNING: [pool qordy.com] child 285273 said into stderr: "PHP message: PHP Warning:  require_once(/var/www/vhosts/qordy.com/httpdocs/public/../app/Foundation/Logger.php): Failed to open stream: No such file or directory in /var/www/vhosts/qordy.com/httpdocs/public/index.php on line 7"
[01-Jun-2026 15:08:30] WARNING: [pool qordy.com] child 285273 said into stderr: "PHP message: PHP Fatal error:  Uncaught Error: Failed opening required '/var/www/vhosts/qordy.com/httpdocs/public/../app/Foundation/Logger.php' (include_path='.:/opt/plesk/php/8.2/share/pear') in /var/www/vhosts/qordy.com/httpdocs/public/index.php:7"
[01-Jun-2026 15:08:30] WARNING: [pool qordy.com] child 285273 said into stderr: "Stack trace:"
[01-Jun-2026 15:08:30] WARNING: [pool qordy.com] child 285273 said into stderr: "#0 /var/www/vhosts/qordy.com/httpdocs/index.php(13): require()"
[01-Jun-2026 15:08:30] WARNING: [pool qordy.com] child 285273 said into stderr: "#1 {main}"
[01-Jun-2026 15:08:30] WARNING: [pool qordy.com] child 285273 said into stderr: "  thrown in /var/www/vhosts/qordy.com/httpdocs/public/index.php on line 7"
[01-Jun-2026 15:08:30] WARNING: [pool qordy.com] child 285273 said into stderr: "PHP message: PHP Warning:  require_once(/var/www/vhosts/qordy.com/httpdocs/public/../app/Foundation/Logger.php): Failed to open stream: No such file or directory in /var/www/vhosts/qordy.com/httpdocs/public/index.php on line 7"
[01-Jun-2026 15:08:30] WARNING: [pool qordy.com] child 285273 said into stderr: "PHP message: PHP Fatal error:  Uncaught Error: Failed opening required '/var/www/vhosts/qordy.com/httpdocs/public/../app/Foundation/Logger.php' (include_path='.:/opt/plesk/php/8.2/share/pear') in /var/www/vhosts/qordy.com/httpdocs/public/index.php:7"
[01-Jun-2026 15:08:30] WARNING: [pool qordy.com] child 285273 said into stderr: "Stack trace:"
[01-Jun-2026 15:08:30] WARNING: [pool qordy.com] child 285273 said into stderr: "#0 /var/www/vhosts/qordy.com/httpdocs/index.php(13): require()"
[01-Jun-2026 15:08:30] WARNING: [pool qordy.com] child 285273 said into stderr: "#1 {main}"
[01-Jun-2026 15:08:30] WARNING: [pool qordy.com] child 285273 said into stderr: "  thrown in /var/www/vhosts/qordy.com/httpdocs/public/index.php on line 7"
[01-Jun-2026 15:08:30] WARNING: [pool qordy.com] child 285273 said into stderr: "PHP message: PHP Warning:  require_once(/var/www/vhosts/qordy.com/httpdocs/public/../app/Foundation/Logger.php): Failed to open stream: No such file or directory in /var/www/vhosts/qordy.com/httpdocs/public/index.php on line 7"
[01-Jun-2026 15:08:30] WARNING: [pool qordy.com] child 285273 said into stderr: "PHP message: PHP Fatal error:  Uncaught Error: Failed opening required '/var/www/vhosts/qordy.com/httpdocs/public/../app/Foundation/Logger.php' (include_path='.:/opt/plesk/php/8.2/share/pear') in /var/www/vhosts/qordy.com/httpdocs/public/index.php:7"
[01-Jun-2026 15:08:30] WARNING: [pool qordy.com] child 285273 said into stderr: "Stack trace:"
[01-Jun-2026 15:08:30] WARNING: [pool qordy.com] child 285273 said into stderr: "#0 /var/www/vhosts/qordy.com/httpdocs/index.php(13): require()"
[01-Jun-2026 15:08:30] WARNING: [pool qordy.com] child 285273 said into stderr: "#1 {main}"
[01-Jun-2026 15:08:30] WARNING: [pool qordy.com] child 285273 said into stderr: "  thrown in /var/www/vhosts/qordy.com/httpdocs/public/index.php on line 7"
[01-Jun-2026 15:08:31] WARNING: [pool qordy.com] child 285273 said into stderr: "PHP message: PHP Warning:  require_once(/var/www/vhosts/qordy.com/httpdocs/public/../app/Foundation/Logger.php): Failed to open stream: No such file or directory in /var/www/vhosts/qordy.com/httpdocs/public/index.php on line 7"
[01-Jun-2026 15:08:31] WARNING: [pool qordy.com] child 285273 said into stderr: "PHP message: PHP Fatal error:  Uncaught Error: Failed opening required '/var/www/vhosts/qordy.com/httpdocs/public/../app/Foundation/Logger.php' (include_path='.:/opt/plesk/php/8.2/share/pear') in /var/www/vhosts/qordy.com/httpdocs/public/index.php:7"
[01-Jun-2026 15:08:31] WARNING: [pool qordy.com] child 285273 said into stderr: "Stack trace:"
[01-Jun-2026 15:08:31] WARNING: [pool qordy.com] child 285273 said into stderr: "#0 /var/www/vhosts/qordy.com/httpdocs/index.php(13): require()"
[01-Jun-2026 15:08:31] WARNING: [pool qordy.com] child 285273 said into stderr: "#1 {main}"
[01-Jun-2026 15:08:31] WARNING: [pool qordy.com] child 285273 said into stderr: "  thrown in /var/www/vhosts/qordy.com/httpdocs/public/index.php on line 7"
[01-Jun-2026 15:08:31] WARNING: [pool qordy.com] child 285273 said into stderr: "PHP message: PHP Warning:  require_once(/var/www/vhosts/qordy.com/httpdocs/public/../app/Foundation/Logger.php): Failed to open stream: No such file or directory in /var/www/vhosts/qordy.com/httpdocs/public/index.php on line 7"
[01-Jun-2026 15:08:31] WARNING: [pool qordy.com] child 285273 said into stderr: "PHP message: PHP Fatal error:  Uncaught Error: Failed opening required '/var/www/vhosts/qordy.com/httpdocs/public/../app/Foundation/Logger.php' (include_path='.:/opt/plesk/php/8.2/share/pear') in /var/www/vhosts/qordy.com/httpdocs/public/index.php:7"
[01-Jun-2026 15:08:31] WARNING: [pool qordy.com] child 285273 said into stderr: "Stack trace:"
[01-Jun-2026 15:08:31] WARNING: [pool qordy.com] child 285273 said into stderr: "#0 /var/www/vhosts/qordy.com/httpdocs/index.php(13): require()"
[01-Jun-2026 15:08:31] WARNING: [pool qordy.com] child 285273 said into stderr: "#1 {main}"
[01-Jun-2026 15:08:31] WARNING: [pool qordy.com] child 285273 said into stderr: "  thrown in /var/www/vhosts/qordy.com/httpdocs/public/index.php on line 7"
[01-Jun-2026 15:09:00] WARNING: [pool qordy.com] child 286404 said into stderr: "PHP message: PHP Warning:  require_once(/var/www/vhosts/qordy.com/httpdocs/public/../app/Foundation/Logger.php): Failed to open stream: No such file or directory in /var/www/vhosts/qordy.com/httpdocs/public/index.php on line 7"
[01-Jun-2026 15:09:00] WARNING: [pool qordy.com] child 286404 said into stderr: "PHP message: PHP Fatal error:  Uncaught Error: Failed opening required '/var/www/vhosts/qordy.com/httpdocs/public/../app/Foundation/Logger.php' (include_path='.:/opt/plesk/php/8.2/share/pear') in /var/www/vhosts/qordy.com/httpdocs/public/index.php:7"
[01-Jun-2026 15:09:00] WARNING: [pool qordy.com] child 286404 said into stderr: "Stack trace:"
[01-Jun-2026 15:09:00] WARNING: [pool qordy.com] child 286404 said into stderr: "#0 /var/www/vhosts/qordy.com/httpdocs/index.php(13): require()"
[01-Jun-2026 15:09:00] WARNING: [pool qordy.com] child 286404 said into stderr: "#1 {main}"
[01-Jun-2026 15:09:00] WARNING: [pool qordy.com] child 286404 said into stderr: "  thrown in /var/www/vhosts/qordy.com/httpdocs/public/index.php on line 7"
[01-Jun-2026 15:09:01] WARNING: [pool qordy.com] child 286404 said into stderr: "PHP message: PHP Warning:  require_once(/var/www/vhosts/qordy.com/httpdocs/public/../app/Foundation/Logger.php): Failed to open stream: No such file or directory in /var/www/vhosts/qordy.com/httpdocs/public/index.php on line 7"
[01-Jun-2026 15:09:01] WARNING: [pool qordy.com] child 286404 said into stderr: "PHP message: PHP Fatal error:  Uncaught Error: Failed opening required '/var/www/vhosts/qordy.com/httpdocs/public/../app/Foundation/Logger.php' (include_path='.:/opt/plesk/php/8.2/share/pear') in /var/www/vhosts/qordy.com/httpdocs/public/index.php:7"
[01-Jun-2026 15:09:01] WARNING: [pool qordy.com] child 286404 said into stderr: "Stack trace:"
[01-Jun-2026 15:09:01] WARNING: [pool qordy.com] child 286404 said into stderr: "#0 /var/www/vhosts/qordy.com/httpdocs/index.php(13): require()"
[01-Jun-2026 15:09:01] WARNING: [pool qordy.com] child 286404 said into stderr: "#1 {main}"
[01-Jun-2026 15:09:01] WARNING: [pool qordy.com] child 286404 said into stderr: "  thrown in /var/www/vhosts/qordy.com/httpdocs/public/index.php on line 7"
[01-Jun-2026 15:09:01] WARNING: [pool qordy.com] child 286404 said into stderr: "PHP message: PHP Warning:  require_once(/var/www/vhosts/qordy.com/httpdocs/public/../app/Foundation/Logger.php): Failed to open stream: No such file or directory in /var/www/vhosts/qordy.com/httpdocs/public/index.php on line 7"
[01-Jun-2026 15:09:01] WARNING: [pool qordy.com] child 286404 said into stderr: "PHP message: PHP Fatal error:  Uncaught Error: Failed opening required '/var/www/vhosts/qordy.com/httpdocs/public/../app/Foundation/Logger.php' (include_path='.:/opt/plesk/php/8.2/share/pear') in /var/www/vhosts/qordy.com/httpdocs/public/index.php:7"
[01-Jun-2026 15:09:01] WARNING: [pool qordy.com] child 286404 said into stderr: "Stack trace:"
[01-Jun-2026 15:09:01] WARNING: [pool qordy.com] child 286404 said into stderr: "#0 /var/www/vhosts/qordy.com/httpdocs/index.php(13): require()"
[01-Jun-2026 15:09:01] WARNING: [pool qordy.com] child 286404 said into stderr: "#1 {main}"
[01-Jun-2026 15:09:01] WARNING: [pool qordy.com] child 286404 said into stderr: "  thrown in /var/www/vhosts/qordy.com/httpdocs/public/index.php on line 7"
[01-Jun-2026 15:09:25] WARNING: [pool qordy.com] child 286968 said into stderr: "PHP message: PHP Warning:  require_once(/var/www/vhosts/qordy.com/httpdocs/public/../app/Foundation/Logger.php): Failed to open stream: No such file or directory in /var/www/vhosts/qordy.com/httpdocs/public/index.php on line 7"
[01-Jun-2026 15:09:25] WARNING: [pool qordy.com] child 286968 said into stderr: "PHP message: PHP Fatal error:  Uncaught Error: Failed opening required '/var/www/vhosts/qordy.com/httpdocs/public/../app/Foundation/Logger.php' (include_path='.:/opt/plesk/php/8.2/share/pear') in /var/www/vhosts/qordy.com/httpdocs/public/index.php:7"
[01-Jun-2026 15:09:25] WARNING: [pool qordy.com] child 286968 said into stderr: "Stack trace:"
[01-Jun-2026 15:09:25] WARNING: [pool qordy.com] child 286968 said into stderr: "#0 /var/www/vhosts/qordy.com/httpdocs/index.php(13): require()"
[01-Jun-2026 15:09:25] WARNING: [pool qordy.com] child 286968 said into stderr: "#1 {main}"
[01-Jun-2026 15:09:25] WARNING: [pool qordy.com] child 286968 said into stderr: "  thrown in /var/www/vhosts/qordy.com/httpdocs/public/index.php on line 7"
[01-Jun-2026 15:09:25] WARNING: [pool qordy.com] child 286968 said into stderr: "PHP message: PHP Warning:  require_once(/var/www/vhosts/qordy.com/httpdocs/public/../app/Foundation/Logger.php): Failed to open stream: No such file or directory in /var/www/vhosts/qordy.com/httpdocs/public/index.php on line 7"
[01-Jun-2026 15:09:25] WARNING: [pool qordy.com] child 286968 said into stderr: "PHP message: PHP Fatal error:  Uncaught Error: Failed opening required '/var/www/vhosts/qordy.com/httpdocs/public/../app/Foundation/Logger.php' (include_path='.:/opt/plesk/php/8.2/share/pear') in /var/www/vhosts/qordy.com/httpdocs/public/index.php:7"
[01-Jun-2026 15:09:25] WARNING: [pool qordy.com] child 286968 said into stderr: "Stack trace:"
[01-Jun-2026 15:09:25] WARNING: [pool qordy.com] child 286968 said into stderr: "#0 /var/www/vhosts/qordy.com/httpdocs/index.php(13): require()"
[01-Jun-2026 15:09:25] WARNING: [pool qordy.com] child 286968 said into stderr: "#1 {main}"
[01-Jun-2026 15:09:25] WARNING: [pool qordy.com] child 286968 said into stderr: "  thrown in /var/www/vhosts/qordy.com/httpdocs/public/index.php on line 7"
[01-Jun-2026 15:09:25] WARNING: [pool qordy.com] child 286968 said into stderr: "PHP message: PHP Warning:  require_once(/var/www/vhosts/qordy.com/httpdocs/public/../app/Foundation/Logger.php): Failed to open stream: No such file or directory in /var/www/vhosts/qordy.com/httpdocs/public/index.php on line 7"
[01-Jun-2026 15:09:25] WARNING: [pool qordy.com] child 286968 said into stderr: "PHP message: PHP Fatal error:  Uncaught Error: Failed opening required '/var/www/vhosts/qordy.com/httpdocs/public/../app/Foundation/Logger.php' (include_path='.:/opt/plesk/php/8.2/share/pear') in /var/www/vhosts/qordy.com/httpdocs/public/index.php:7"
[01-Jun-2026 15:09:25] WARNING: [pool qordy.com] child 286968 said into stderr: "Stack trace:"
[01-Jun-2026 15:09:25] WARNING: [pool qordy.com] child 286968 said into stderr: "#0 /var/www/vhosts/qordy.com/httpdocs/index.php(13): require()"
[01-Jun-2026 15:09:25] WARNING: [pool qordy.com] child 286968 said into stderr: "#1 {main}"
[01-Jun-2026 15:09:25] WARNING: [pool qordy.com] child 286968 said into stderr: "  thrown in /var/www/vhosts/qordy.com/httpdocs/public/index.php on line 7"
[01-Jun-2026 15:09:48] WARNING: [pool qordy.com] child 287354 said into stderr: "PHP message: PHP Warning:  require_once(/var/www/vhosts/qordy.com/httpdocs/public/../app/Foundation/Logger.php): Failed to open stream: No such file or directory in /var/www/vhosts/qordy.com/httpdocs/public/index.php on line 7"
[01-Jun-2026 15:09:48] WARNING: [pool qordy.com] child 287354 said into stderr: "PHP message: PHP Fatal error:  Uncaught Error: Failed opening required '/var/www/vhosts/qordy.com/httpdocs/public/../app/Foundation/Logger.php' (include_path='.:/opt/plesk/php/8.2/share/pear') in /var/www/vhosts/qordy.com/httpdocs/public/index.php:7"
[01-Jun-2026 15:09:48] WARNING: [pool qordy.com] child 287354 said into stderr: "Stack trace:"
[01-Jun-2026 15:09:48] WARNING: [pool qordy.com] child 287354 said into stderr: "#0 /var/www/vhosts/qordy.com/httpdocs/index.php(13): require()"
[01-Jun-2026 15:09:48] WARNING: [pool qordy.com] child 287354 said into stderr: "#1 {main}"
[01-Jun-2026 15:09:48] WARNING: [pool qordy.com] child 287354 said into stderr: "  thrown in /var/www/vhosts/qordy.com/httpdocs/public/index.php on line 7"
[01-Jun-2026 15:09:49] WARNING: [pool qordy.com] child 287354 said into stderr: "PHP message: PHP Warning:  require_once(/var/www/vhosts/qordy.com/httpdocs/public/../app/Foundation/Logger.php): Failed to open stream: No such file or directory in /var/www/vhosts/qordy.com/httpdocs/public/index.php on line 7"
[01-Jun-2026 15:09:49] WARNING: [pool qordy.com] child 287354 said into stderr: "PHP message: PHP Fatal error:  Uncaught Error: Failed opening required '/var/www/vhosts/qordy.com/httpdocs/public/../app/Foundation/Logger.php' (include_path='.:/opt/plesk/php/8.2/share/pear') in /var/www/vhosts/qordy.com/httpdocs/public/index.php:7"
[01-Jun-2026 15:09:49] WARNING: [pool qordy.com] child 287354 said into stderr: "Stack trace:"
[01-Jun-2026 15:09:49] WARNING: [pool qordy.com] child 287354 said into stderr: "#0 /var/www/vhosts/qordy.com/httpdocs/index.php(13): require()"
[01-Jun-2026 15:09:49] WARNING: [pool qordy.com] child 287354 said into stderr: "#1 {main}"
[01-Jun-2026 15:09:49] WARNING: [pool qordy.com] child 287354 said into stderr: "  thrown in /var/www/vhosts/qordy.com/httpdocs/public/index.php on line 7"
[01-Jun-2026 15:09:49] WARNING: [pool qordy.com] child 287354 said into stderr: "PHP message: PHP Warning:  require_once(/var/www/vhosts/qordy.com/httpdocs/public/../app/Foundation/Logger.php): Failed to open stream: No such file or directory in /var/www/vhosts/qordy.com/httpdocs/public/index.php on line 7"
[01-Jun-2026 15:09:49] WARNING: [pool qordy.com] child 287354 said into stderr: "PHP message: PHP Fatal error:  Uncaught Error: Failed opening required '/var/www/vhosts/qordy.com/httpdocs/public/../app/Foundation/Logger.php' (include_path='.:/opt/plesk/php/8.2/share/pear') in /var/www/vhosts/qordy.com/httpdocs/public/index.php:7"
[01-Jun-2026 15:09:49] WARNING: [pool qordy.com] child 287354 said into stderr: "Stack trace:"
[01-Jun-2026 15:09:49] WARNING: [pool qordy.com] child 287354 said into stderr: "#0 /var/www/vhosts/qordy.com/httpdocs/index.php(13): require()"
[01-Jun-2026 15:09:49] WARNING: [pool qordy.com] child 287354 said into stderr: "#1 {main}"
[01-Jun-2026 15:09:49] WARNING: [pool qordy.com] child 287354 said into stderr: "  thrown in /var/www/vhosts/qordy.com/httpdocs/public/index.php on line 7"
[01-Jun-2026 15:09:49] WARNING: [pool qordy.com] child 287354 said into stderr: "PHP message: PHP Warning:  require_once(/var/www/vhosts/qordy.com/httpdocs/public/../app/Foundation/Logger.php): Failed to open stream: No such file or directory in /var/www/vhosts/qordy.com/httpdocs/public/index.php on line 7"
[01-Jun-2026 15:09:49] WARNING: [pool qordy.com] child 287354 said into stderr: "PHP message: PHP Fatal error:  Uncaught Error: Failed opening required '/var/www/vhosts/qordy.com/httpdocs/public/../app/Foundation/Logger.php' (include_path='.:/opt/plesk/php/8.2/share/pear') in /var/www/vhosts/qordy.com/httpdocs/public/index.php:7"
[01-Jun-2026 15:09:49] WARNING: [pool qordy.com] child 287354 said into stderr: "Stack trace:"
[01-Jun-2026 15:09:49] WARNING: [pool qordy.com] child 287354 said into stderr: "#0 /var/www/vhosts/qordy.com/httpdocs/index.php(13): require()"
[01-Jun-2026 15:09:49] WARNING: [pool qordy.com] child 287354 said into stderr: "#1 {main}"
[01-Jun-2026 15:09:49] WARNING: [pool qordy.com] child 287354 said into stderr: "  thrown in /var/www/vhosts/qordy.com/httpdocs/public/index.php on line 7"
[01-Jun-2026 15:09:49] WARNING: [pool qordy.com] child 287354 said into stderr: "PHP message: PHP Warning:  require_once(/var/www/vhosts/qordy.com/httpdocs/public/../app/Foundation/Logger.php): Failed to open stream: No such file or directory in /var/www/vhosts/qordy.com/httpdocs/public/index.php on line 7"
[01-Jun-2026 15:09:49] WARNING: [pool qordy.com] child 287354 said into stderr: "PHP message: PHP Fatal error:  Uncaught Error: Failed opening required '/var/www/vhosts/qordy.com/httpdocs/public/../app/Foundation/Logger.php' (include_path='.:/opt/plesk/php/8.2/share/pear') in /var/www/vhosts/qordy.com/httpdocs/public/index.php:7"
[01-Jun-2026 15:09:49] WARNING: [pool qordy.com] child 287354 said into stderr: "Stack trace:"
[01-Jun-2026 15:09:49] WARNING: [pool qordy.com] child 287354 said into stderr: "#0 /var/www/vhosts/qordy.com/httpdocs/index.php(13): require()"
[01-Jun-2026 15:09:49] WARNING: [pool qordy.com] child 287354 said into stderr: "#1 {main}"
[01-Jun-2026 15:09:49] WARNING: [pool qordy.com] child 287354 said into stderr: "  thrown in /var/www/vhosts/qordy.com/httpdocs/public/index.php on line 7"
[01-Jun-2026 15:10:07] WARNING: [pool qordy.com] child 287593 said into stderr: "PHP message: PHP Warning:  require_once(/var/www/vhosts/qordy.com/httpdocs/public/../app/Foundation/Logger.php): Failed to open stream: No such file or directory in /var/www/vhosts/qordy.com/httpdocs/public/index.php on line 7"
[01-Jun-2026 15:10:07] WARNING: [pool qordy.com] child 287593 said into stderr: "PHP message: PHP Fatal error:  Uncaught Error: Failed opening required '/var/www/vhosts/qordy.com/httpdocs/public/../app/Foundation/Logger.php' (include_path='.:/opt/plesk/php/8.2/share/pear') in /var/www/vhosts/qordy.com/httpdocs/public/index.php:7"
[01-Jun-2026 15:10:07] WARNING: [pool qordy.com] child 287593 said into stderr: "Stack trace:"
[01-Jun-2026 15:10:07] WARNING: [pool qordy.com] child 287593 said into stderr: "#0 /var/www/vhosts/qordy.com/httpdocs/index.php(13): require()"
[01-Jun-2026 15:10:07] WARNING: [pool qordy.com] child 287593 said into stderr: "#1 {main}"
[01-Jun-2026 15:10:07] WARNING: [pool qordy.com] child 287593 said into stderr: "  thrown in /var/www/vhosts/qordy.com/httpdocs/public/index.php on line 7"
[01-Jun-2026 15:10:08] WARNING: [pool qordy.com] child 287593 said into stderr: "PHP message: PHP Warning:  require_once(/var/www/vhosts/qordy.com/httpdocs/public/../app/Foundation/Logger.php): Failed to open stream: No such file or directory in /var/www/vhosts/qordy.com/httpdocs/public/index.php on line 7"
[01-Jun-2026 15:10:08] WARNING: [pool qordy.com] child 287593 said into stderr: "PHP message: PHP Fatal error:  Uncaught Error: Failed opening required '/var/www/vhosts/qordy.com/httpdocs/public/../app/Foundation/Logger.php' (include_path='.:/opt/plesk/php/8.2/share/pear') in /var/www/vhosts/qordy.com/httpdocs/public/index.php:7"
[01-Jun-2026 15:10:08] WARNING: [pool qordy.com] child 287593 said into stderr: "Stack trace:"
[01-Jun-2026 15:10:08] WARNING: [pool qordy.com] child 287593 said into stderr: "#0 /var/www/vhosts/qordy.com/httpdocs/index.php(13): require()"
[01-Jun-2026 15:10:08] WARNING: [pool qordy.com] child 287593 said into stderr: "#1 {main}"
[01-Jun-2026 15:10:08] WARNING: [pool qordy.com] child 287593 said into stderr: "  thrown in /var/www/vhosts/qordy.com/httpdocs/public/index.php on line 7"
[01-Jun-2026 15:10:22] WARNING: [pool qordy.com] child 287877 said into stderr: "PHP message: PHP Warning:  require_once(/var/www/vhosts/qordy.com/httpdocs/public/../app/Foundation/Logger.php): Failed to open stream: No such file or directory in /var/www/vhosts/qordy.com/httpdocs/public/index.php on line 7"
[01-Jun-2026 15:10:22] WARNING: [pool qordy.com] child 287877 said into stderr: "PHP message: PHP Fatal error:  Uncaught Error: Failed opening required '/var/www/vhosts/qordy.com/httpdocs/public/../app/Foundation/Logger.php' (include_path='.:/opt/plesk/php/8.2/share/pear') in /var/www/vhosts/qordy.com/httpdocs/public/index.php:7"
[01-Jun-2026 15:10:22] WARNING: [pool qordy.com] child 287877 said into stderr: "Stack trace:"
[01-Jun-2026 15:10:22] WARNING: [pool qordy.com] child 287877 said into stderr: "#0 /var/www/vhosts/qordy.com/httpdocs/index.php(13): require()"
[01-Jun-2026 15:10:22] WARNING: [pool qordy.com] child 287877 said into stderr: "#1 {main}"
[01-Jun-2026 15:10:22] WARNING: [pool qordy.com] child 287877 said into stderr: "  thrown in /var/www/vhosts/qordy.com/httpdocs/public/index.php on line 7"
[01-Jun-2026 15:10:22] WARNING: [pool qordy.com] child 287877 said into stderr: "PHP message: PHP Warning:  require_once(/var/www/vhosts/qordy.com/httpdocs/public/../app/Foundation/Logger.php): Failed to open stream: No such file or directory in /var/www/vhosts/qordy.com/httpdocs/public/index.php on line 7"
[01-Jun-2026 15:10:22] WARNING: [pool qordy.com] child 287877 said into stderr: "PHP message: PHP Fatal error:  Uncaught Error: Failed opening required '/var/www/vhosts/qordy.com/httpdocs/public/../app/Foundation/Logger.php' (include_path='.:/opt/plesk/php/8.2/share/pear') in /var/www/vhosts/qordy.com/httpdocs/public/index.php:7"
[01-Jun-2026 15:10:22] WARNING: [pool qordy.com] child 287877 said into stderr: "Stack trace:"
[01-Jun-2026 15:10:22] WARNING: [pool qordy.com] child 287877 said into stderr: "#0 /var/www/vhosts/qordy.com/httpdocs/index.php(13): require()"
[01-Jun-2026 15:10:22] WARNING: [pool qordy.com] child 287877 said into stderr: "#1 {main}"
[01-Jun-2026 15:10:22] WARNING: [pool qordy.com] child 287877 said into stderr: "  thrown in /var/www/vhosts/qordy.com/httpdocs/public/index.php on line 7"
[01-Jun-2026 15:10:23] WARNING: [pool qordy.com] child 287877 said into stderr: "PHP message: PHP Warning:  require_once(/var/www/vhosts/qordy.com/httpdocs/public/../app/Foundation/Logger.php): Failed to open stream: No such file or directory in /var/www/vhosts/qordy.com/httpdocs/public/index.php on line 7"
[01-Jun-2026 15:10:23] WARNING: [pool qordy.com] child 287877 said into stderr: "PHP message: PHP Fatal error:  Uncaught Error: Failed opening required '/var/www/vhosts/qordy.com/httpdocs/public/../app/Foundation/Logger.php' (include_path='.:/opt/plesk/php/8.2/share/pear') in /var/www/vhosts/qordy.com/httpdocs/public/index.php:7"
[01-Jun-2026 15:10:23] WARNING: [pool qordy.com] child 287877 said into stderr: "Stack trace:"
[01-Jun-2026 15:10:23] WARNING: [pool qordy.com] child 287877 said into stderr: "#0 /var/www/vhosts/qordy.com/httpdocs/index.php(13): require()"
[01-Jun-2026 15:10:23] WARNING: [pool qordy.com] child 287877 said into stderr: "#1 {main}"
[01-Jun-2026 15:10:23] WARNING: [pool qordy.com] child 287877 said into stderr: "  thrown in /var/www/vhosts/qordy.com/httpdocs/public/index.php on line 7"
[01-Jun-2026 15:12:43] WARNING: [pool qordy.com] child 288659 said into stderr: "PHP message: PHP Warning:  require_once(/var/www/vhosts/qordy.com/httpdocs/public/../app/Foundation/Logger.php): Failed to open stream: No such file or directory in /var/www/vhosts/qordy.com/httpdocs/public/index.php on line 7"
[01-Jun-2026 15:12:43] WARNING: [pool qordy.com] child 288659 said into stderr: "PHP message: PHP Fatal error:  Uncaught Error: Failed opening required '/var/www/vhosts/qordy.com/httpdocs/public/../app/Foundation/Logger.php' (include_path='.:/opt/plesk/php/8.2/share/pear') in /var/www/vhosts/qordy.com/httpdocs/public/index.php:7"
[01-Jun-2026 15:12:43] WARNING: [pool qordy.com] child 288659 said into stderr: "Stack trace:"
[01-Jun-2026 15:12:43] WARNING: [pool qordy.com] child 288659 said into stderr: "#0 /var/www/vhosts/qordy.com/httpdocs/index.php(13): require()"
[01-Jun-2026 15:12:43] WARNING: [pool qordy.com] child 288659 said into stderr: "#1 {main}"
[01-Jun-2026 15:12:43] WARNING: [pool qordy.com] child 288659 said into stderr: "  thrown in /var/www/vhosts/qordy.com/httpdocs/public/index.php on line 7"
[01-Jun-2026 15:18:09] WARNING: [pool qordy.com] child 288659 said into stderr: "PHP message: PHP Fatal error:  Cannot declare class App\Core\Validators\InputValidator, because the name is already in use in /var/www/vhosts/qordy.com/httpdocs/app/core/Validators/InputValidator.php on line 6"
[01-Jun-2026 15:18:09] WARNING: [pool qordy.com] child 288659 said into stderr: "PHP message: PHP Fatal error:  Cannot declare class App\Core\Validators\InputValidator, because the name is already in use in /var/www/vhosts/qordy.com/httpdocs/app/core/Validators/InputValidator.php on line 6"
[01-Jun-2026 15:18:10] WARNING: [pool qordy.com] child 288659 said into stderr: "PHP message: PHP Fatal error:  Cannot declare class App\Core\Validators\InputValidator, because the name is already in use in /var/www/vhosts/qordy.com/httpdocs/app/core/Validators/InputValidator.php on line 6"
[01-Jun-2026 15:18:10] WARNING: [pool qordy.com] child 288659 said into stderr: "PHP message: PHP Fatal error:  Cannot declare class App\Core\Validators\InputValidator, because the name is already in use in /var/www/vhosts/qordy.com/httpdocs/app/core/Validators/InputValidator.php on line 6"
[01-Jun-2026 15:18:10] WARNING: [pool qordy.com] child 288659 said into stderr: "PHP message: PHP Fatal error:  Cannot declare class App\Core\Validators\InputValidator, because the name is already in use in /var/www/vhosts/qordy.com/httpdocs/app/core/Validators/InputValidator.php on line 6"
[01-Jun-2026 15:18:10] WARNING: [pool qordy.com] child 288659 said into stderr: "PHP message: PHP Fatal error:  Cannot declare class App\Core\Validators\InputValidator, because the name is already in use in /var/www/vhosts/qordy.com/httpdocs/app/core/Validators/InputValidator.php on line 6"
[01-Jun-2026 15:25:07] WARNING: [pool qordy.com] child 288659 said into stderr: "PHP message: PHP Fatal error:  Cannot declare class App\Http\Middleware\CSRFMiddleware, because the name is already in use in /var/www/vhosts/qordy.com/httpdocs/app/middleware/CSRFMiddleware.php on line 4"
[01-Jun-2026 15:26:13] WARNING: [pool qordy.com] child 288659 said into stderr: "PHP message: PHP Fatal error:  Uncaught Error: Class "App\Core\DependencyFactory" not found in /var/www/vhosts/qordy.com/httpdocs/app/config/config.php:314"
[01-Jun-2026 15:26:13] WARNING: [pool qordy.com] child 288659 said into stderr: "Stack trace:"
[01-Jun-2026 15:26:13] WARNING: [pool qordy.com] child 288659 said into stderr: "#0 /var/www/vhosts/qordy.com/httpdocs/public/index.php(6): require_once()"
[01-Jun-2026 15:26:13] WARNING: [pool qordy.com] child 288659 said into stderr: "#1 /var/www/vhosts/qordy.com/httpdocs/index.php(13): require('...')"
[01-Jun-2026 15:26:13] WARNING: [pool qordy.com] child 288659 said into stderr: "#2 {main}"
[01-Jun-2026 15:26:13] WARNING: [pool qordy.com] child 288659 said into stderr: "  thrown in /var/www/vhosts/qordy.com/httpdocs/app/config/config.php on line 314"
[01-Jun-2026 15:26:13] WARNING: [pool qordy.com] child 288659 said into stderr: "PHP message: PHP Fatal error:  Uncaught Error: Class "App\Core\DependencyFactory" not found in /var/www/vhosts/qordy.com/httpdocs/app/config/config.php:314"
[01-Jun-2026 15:26:13] WARNING: [pool qordy.com] child 288659 said into stderr: "Stack trace:"
[01-Jun-2026 15:26:13] WARNING: [pool qordy.com] child 288659 said into stderr: "#0 /var/www/vhosts/qordy.com/httpdocs/public/index.php(6): require_once()"
[01-Jun-2026 15:26:13] WARNING: [pool qordy.com] child 288659 said into stderr: "#1 /var/www/vhosts/qordy.com/httpdocs/index.php(13): require('...')"
[01-Jun-2026 15:26:13] WARNING: [pool qordy.com] child 288659 said into stderr: "#2 {main}"
[01-Jun-2026 15:26:13] WARNING: [pool qordy.com] child 288659 said into stderr: "  thrown in /var/www/vhosts/qordy.com/httpdocs/app/config/config.php on line 314"
[01-Jun-2026 15:26:13] WARNING: [pool qordy.com] child 288659 said into stderr: "PHP message: PHP Fatal error:  Uncaught Error: Class "App\Core\DependencyFactory" not found in /var/www/vhosts/qordy.com/httpdocs/app/config/config.php:314"
[01-Jun-2026 15:26:13] WARNING: [pool qordy.com] child 288659 said into stderr: "Stack trace:"
[01-Jun-2026 15:26:13] WARNING: [pool qordy.com] child 288659 said into stderr: "#0 /var/www/vhosts/qordy.com/httpdocs/public/index.php(6): require_once()"
[01-Jun-2026 15:26:13] WARNING: [pool qordy.com] child 288659 said into stderr: "#1 /var/www/vhosts/qordy.com/httpdocs/index.php(13): require('...')"
[01-Jun-2026 15:26:13] WARNING: [pool qordy.com] child 288659 said into stderr: "#2 {main}"
[01-Jun-2026 15:26:13] WARNING: [pool qordy.com] child 288659 said into stderr: "  thrown in /var/www/vhosts/qordy.com/httpdocs/app/config/config.php on line 314"
[01-Jun-2026 15:26:14] WARNING: [pool qordy.com] child 288659 said into stderr: "PHP message: PHP Fatal error:  Uncaught Error: Class "App\Core\DependencyFactory" not found in /var/www/vhosts/qordy.com/httpdocs/app/config/config.php:314"
[01-Jun-2026 15:26:14] WARNING: [pool qordy.com] child 288659 said into stderr: "Stack trace:"
[01-Jun-2026 15:26:14] WARNING: [pool qordy.com] child 288659 said into stderr: "#0 /var/www/vhosts/qordy.com/httpdocs/public/index.php(6): require_once()"
[01-Jun-2026 15:26:14] WARNING: [pool qordy.com] child 288659 said into stderr: "#1 /var/www/vhosts/qordy.com/httpdocs/index.php(13): require('...')"
[01-Jun-2026 15:26:14] WARNING: [pool qordy.com] child 288659 said into stderr: "#2 {main}"
[01-Jun-2026 15:26:14] WARNING: [pool qordy.com] child 288659 said into stderr: "  thrown in /var/www/vhosts/qordy.com/httpdocs/app/config/config.php on line 314"
[01-Jun-2026 15:26:14] WARNING: [pool qordy.com] child 288659 said into stderr: "PHP message: PHP Fatal error:  Uncaught Error: Class "App\Core\DependencyFactory" not found in /var/www/vhosts/qordy.com/httpdocs/app/config/config.php:314"
[01-Jun-2026 15:26:14] WARNING: [pool qordy.com] child 288659 said into stderr: "Stack trace:"
[01-Jun-2026 15:26:14] WARNING: [pool qordy.com] child 288659 said into stderr: "#0 /var/www/vhosts/qordy.com/httpdocs/public/index.php(6): require_once()"
[01-Jun-2026 15:26:14] WARNING: [pool qordy.com] child 288659 said into stderr: "#1 /var/www/vhosts/qordy.com/httpdocs/index.php(13): require('...')"
[01-Jun-2026 15:26:14] WARNING: [pool qordy.com] child 288659 said into stderr: "#2 {main}"
[01-Jun-2026 15:26:14] WARNING: [pool qordy.com] child 288659 said into stderr: "  thrown in /var/www/vhosts/qordy.com/httpdocs/app/config/config.php on line 314"
[01-Jun-2026 15:26:14] WARNING: [pool qordy.com] child 288659 said into stderr: "PHP message: PHP Fatal error:  Uncaught Error: Class "App\Core\DependencyFactory" not found in /var/www/vhosts/qordy.com/httpdocs/app/config/config.php:314"
[01-Jun-2026 15:26:14] WARNING: [pool qordy.com] child 288659 said into stderr: "Stack trace:"
[01-Jun-2026 15:26:14] WARNING: [pool qordy.com] child 288659 said into stderr: "#0 /var/www/vhosts/qordy.com/httpdocs/public/index.php(6): require_once()"
[01-Jun-2026 15:26:14] WARNING: [pool qordy.com] child 288659 said into stderr: "#1 /var/www/vhosts/qordy.com/httpdocs/index.php(13): require('...')"
[01-Jun-2026 15:26:14] WARNING: [pool qordy.com] child 288659 said into stderr: "#2 {main}"
[01-Jun-2026 15:26:14] WARNING: [pool qordy.com] child 288659 said into stderr: "  thrown in /var/www/vhosts/qordy.com/httpdocs/app/config/config.php on line 314"
[01-Jun-2026 15:26:14] WARNING: [pool qordy.com] child 288659 said into stderr: "PHP message: PHP Fatal error:  Uncaught Error: Class "App\Core\DependencyFactory" not found in /var/www/vhosts/qordy.com/httpdocs/app/config/config.php:314"
[01-Jun-2026 15:26:14] WARNING: [pool qordy.com] child 288659 said into stderr: "Stack trace:"
[01-Jun-2026 15:26:14] WARNING: [pool qordy.com] child 288659 said into stderr: "#0 /var/www/vhosts/qordy.com/httpdocs/public/index.php(6): require_once()"
[01-Jun-2026 15:26:14] WARNING: [pool qordy.com] child 288659 said into stderr: "#1 /var/www/vhosts/qordy.com/httpdocs/index.php(13): require('...')"
[01-Jun-2026 15:26:14] WARNING: [pool qordy.com] child 288659 said into stderr: "#2 {main}"
[01-Jun-2026 15:26:14] WARNING: [pool qordy.com] child 288659 said into stderr: "  thrown in /var/www/vhosts/qordy.com/httpdocs/app/config/config.php on line 314"
[01-Jun-2026 15:26:58] WARNING: [pool qordy.com] child 288659 said into stderr: "PHP message: PHP Fatal error:  Uncaught Error: Class "App\Core\DependencyFactory" not found in /var/www/vhosts/qordy.com/httpdocs/app/config/config.php:314"
[01-Jun-2026 15:26:58] WARNING: [pool qordy.com] child 288659 said into stderr: "Stack trace:"
[01-Jun-2026 15:26:58] WARNING: [pool qordy.com] child 288659 said into stderr: "#0 /var/www/vhosts/qordy.com/httpdocs/public/index.php(6): require_once()"
[01-Jun-2026 15:26:58] WARNING: [pool qordy.com] child 288659 said into stderr: "#1 /var/www/vhosts/qordy.com/httpdocs/index.php(13): require('...')"
[01-Jun-2026 15:26:58] WARNING: [pool qordy.com] child 288659 said into stderr: "#2 {main}"
[01-Jun-2026 15:26:58] WARNING: [pool qordy.com] child 288659 said into stderr: "  thrown in /var/www/vhosts/qordy.com/httpdocs/app/config/config.php on line 314"
[01-Jun-2026 15:26:58] WARNING: [pool qordy.com] child 288659 said into stderr: "PHP message: PHP Fatal error:  Uncaught Error: Class "App\Core\DependencyFactory" not found in /var/www/vhosts/qordy.com/httpdocs/app/config/config.php:314"
[01-Jun-2026 15:26:58] WARNING: [pool qordy.com] child 288659 said into stderr: "Stack trace:"
[01-Jun-2026 15:26:58] WARNING: [pool qordy.com] child 288659 said into stderr: "#0 /var/www/vhosts/qordy.com/httpdocs/public/index.php(6): require_once()"
[01-Jun-2026 15:26:58] WARNING: [pool qordy.com] child 288659 said into stderr: "#1 /var/www/vhosts/qordy.com/httpdocs/index.php(13): require('...')"
[01-Jun-2026 15:26:58] WARNING: [pool qordy.com] child 288659 said into stderr: "#2 {main}"
[01-Jun-2026 15:26:58] WARNING: [pool qordy.com] child 288659 said into stderr: "  thrown in /var/www/vhosts/qordy.com/httpdocs/app/config/config.php on line 314"
[01-Jun-2026 15:26:58] WARNING: [pool qordy.com] child 288659 said into stderr: "PHP message: PHP Fatal error:  Uncaught Error: Class "App\Core\DependencyFactory" not found in /var/www/vhosts/qordy.com/httpdocs/app/config/config.php:314"
[01-Jun-2026 15:26:58] WARNING: [pool qordy.com] child 288659 said into stderr: "Stack trace:"
[01-Jun-2026 15:26:58] WARNING: [pool qordy.com] child 288659 said into stderr: "#0 /var/www/vhosts/qordy.com/httpdocs/public/index.php(6): require_once()"
[01-Jun-2026 15:26:58] WARNING: [pool qordy.com] child 288659 said into stderr: "#1 /var/www/vhosts/qordy.com/httpdocs/index.php(13): require('...')"
[01-Jun-2026 15:26:58] WARNING: [pool qordy.com] child 288659 said into stderr: "#2 {main}"
[01-Jun-2026 15:26:58] WARNING: [pool qordy.com] child 288659 said into stderr: "  thrown in /var/www/vhosts/qordy.com/httpdocs/app/config/config.php on line 314"
[01-Jun-2026 15:27:04] WARNING: [pool qordy.com] child 288659 said into stderr: "PHP message: PHP Fatal error:  Uncaught Error: Class "App\Core\DependencyFactory" not found in /var/www/vhosts/qordy.com/httpdocs/app/config/config.php:314"
[01-Jun-2026 15:27:04] WARNING: [pool qordy.com] child 288659 said into stderr: "Stack trace:"
[01-Jun-2026 15:27:04] WARNING: [pool qordy.com] child 288659 said into stderr: "#0 /var/www/vhosts/qordy.com/httpdocs/public/index.php(6): require_once()"
[01-Jun-2026 15:27:04] WARNING: [pool qordy.com] child 288659 said into stderr: "#1 /var/www/vhosts/qordy.com/httpdocs/index.php(13): require('...')"
[01-Jun-2026 15:27:04] WARNING: [pool qordy.com] child 288659 said into stderr: "#2 {main}"
[01-Jun-2026 15:27:04] WARNING: [pool qordy.com] child 288659 said into stderr: "  thrown in /var/www/vhosts/qordy.com/httpdocs/app/config/config.php on line 314"
[01-Jun-2026 15:27:23] WARNING: [pool qordy.com] child 288659 said into stderr: "PHP message: PHP Fatal error:  Uncaught Error: Class "App\Core\DependencyFactory" not found in /var/www/vhosts/qordy.com/httpdocs/app/config/config.php:314"
[01-Jun-2026 15:27:23] WARNING: [pool qordy.com] child 288659 said into stderr: "Stack trace:"
[01-Jun-2026 15:27:23] WARNING: [pool qordy.com] child 288659 said into stderr: "#0 /var/www/vhosts/qordy.com/httpdocs/public/index.php(6): require_once()"
[01-Jun-2026 15:27:23] WARNING: [pool qordy.com] child 288659 said into stderr: "#1 /var/www/vhosts/qordy.com/httpdocs/index.php(13): require('...')"
[01-Jun-2026 15:27:23] WARNING: [pool qordy.com] child 288659 said into stderr: "#2 {main}"
[01-Jun-2026 15:27:23] WARNING: [pool qordy.com] child 288659 said into stderr: "  thrown in /var/www/vhosts/qordy.com/httpdocs/app/config/config.php on line 314"
[01-Jun-2026 15:30:49] WARNING: [pool qordy.com] child 344010 said into stderr: "PHP message: PHP Fatal error:  Cannot declare class App\Http\Middleware\CSRFMiddleware, because the name is already in use in /var/www/vhosts/qordy.com/httpdocs/app/middleware/CSRFMiddleware.php on line 4"
[01-Jun-2026 15:31:03] WARNING: [pool qordy.com] child 345181 said into stderr: "PHP message: PHP Fatal error:  Cannot declare class App\Http\Middleware\CSRFMiddleware, because the name is already in use in /var/www/vhosts/qordy.com/httpdocs/app/middleware/CSRFMiddleware.php on line 4"
[01-Jun-2026 15:31:04] WARNING: [pool qordy.com] child 345181 said into stderr: "PHP message: PHP Fatal error:  Cannot declare class App\Http\Middleware\CSRFMiddleware, because the name is already in use in /var/www/vhosts/qordy.com/httpdocs/app/middleware/CSRFMiddleware.php on line 4"
[01-Jun-2026 15:31:04] WARNING: [pool qordy.com] child 345181 said into stderr: "PHP message: PHP Fatal error:  Cannot declare class App\Http\Middleware\CSRFMiddleware, because the name is already in use in /var/www/vhosts/qordy.com/httpdocs/app/middleware/CSRFMiddleware.php on line 4"
[01-Jun-2026 15:31:04] WARNING: [pool qordy.com] child 345181 said into stderr: "PHP message: PHP Fatal error:  Cannot declare class App\Http\Middleware\CSRFMiddleware, because the name is already in use in /var/www/vhosts/qordy.com/httpdocs/app/middleware/CSRFMiddleware.php on line 4"
[01-Jun-2026 15:31:15] WARNING: [pool qordy.com] child 345181 said into stderr: "PHP message: PHP Fatal error:  Cannot declare class App\Http\Middleware\CSRFMiddleware, because the name is already in use in /var/www/vhosts/qordy.com/httpdocs/app/middleware/CSRFMiddleware.php on line 4"
[01-Jun-2026 15:31:46] WARNING: [pool qordy.com] child 346150 said into stderr: "PHP message: PHP Fatal error:  Cannot declare class App\Http\Middleware\CSRFMiddleware, because the name is already in use in /var/www/vhosts/qordy.com/httpdocs/app/middleware/CSRFMiddleware.php on line 4"
[01-Jun-2026 15:35:08] WARNING: [pool qordy.com] child 354221 said into stderr: "PHP message: PHP Fatal error:  Cannot declare class App\Http\Middleware\CSRFMiddleware, because the name is already in use in /var/www/vhosts/qordy.com/httpdocs/app/middleware/CSRFMiddleware.php on line 4"
[01-Jun-2026 15:59:14] WARNING: [pool qordy.com] child 384322 said into stderr: "PHP message: PHP Warning:  require_once(/var/www/vhosts/qordy.com/httpdocs/app/core/Database/Security/SQLInjectionProtection.php): Failed to open stream: No such file or directory in /var/www/vhosts/qordy.com/httpdocs/app/core/Database/QueryBuilder.php on line 51"
[01-Jun-2026 15:59:14] WARNING: [pool qordy.com] child 384322 said into stderr: "PHP message: PHP Fatal error:  Uncaught Error: Failed opening required '/var/www/vhosts/qordy.com/httpdocs/app/core/Database/Security/SQLInjectionProtection.php' (include_path='.:/opt/plesk/php/8.2/share/pear') in /var/www/vhosts/qordy.com/httpdocs/app/core/Database/QueryBuilder.php:51"
[01-Jun-2026 15:59:14] WARNING: [pool qordy.com] child 384322 said into stderr: "Stack trace:"
[01-Jun-2026 15:59:14] WARNING: [pool qordy.com] child 384322 said into stderr: "#0 /var/www/vhosts/qordy.com/httpdocs/app/core/Database/QueryBuilder.php(94): App\Core\QueryBuilder->validateTable()"
[01-Jun-2026 15:59:14] WARNING: [pool qordy.com] child 384322 said into stderr: "#1 /var/www/vhosts/qordy.com/httpdocs/app/core/Model.php(35): App\Core\QueryBuilder->from()"
[01-Jun-2026 15:59:14] WARNING: [pool qordy.com] child 384322 said into stderr: "#2 /var/www/vhosts/qordy.com/httpdocs/app/models/Table.php(10): App\Core\Model->query()"
[01-Jun-2026 15:59:14] WARNING: [pool qordy.com] child 384322 said into stderr: "#3 /var/www/vhosts/qordy.com/httpdocs/public/sitemap.php(121): App\Models\Table->getAll()"
[01-Jun-2026 15:59:14] WARNING: [pool qordy.com] child 384322 said into stderr: "#4 {main}"
[01-Jun-2026 15:59:14] WARNING: [pool qordy.com] child 384322 said into stderr: "  thrown in /var/www/vhosts/qordy.com/httpdocs/app/core/Database/QueryBuilder.php on line 51"
[01-Jun-2026 16:25:32] WARNING: [pool qordy.com] child 397891 said into stderr: "PHP message: PHP Fatal error:  Cannot redeclare getReceiptTypeLabels() (previously declared in /var/www/vhosts/qordy.com/httpdocs/app/config/constants_helpers.php:212) in /var/www/vhosts/qordy.com/httpdocs/app/helpers/receipt.php on line 9"
[01-Jun-2026 16:25:32] WARNING: [pool qordy.com] child 397891 said into stderr: "PHP message: PHP Fatal error:  Cannot redeclare getReceiptTypeLabels() (previously declared in /var/www/vhosts/qordy.com/httpdocs/app/config/constants_helpers.php:212) in /var/www/vhosts/qordy.com/httpdocs/app/helpers/receipt.php on line 9"
[01-Jun-2026 16:25:32] WARNING: [pool qordy.com] child 397891 said into stderr: "PHP message: PHP Fatal error:  Cannot redeclare getReceiptTypeLabels() (previously declared in /var/www/vhosts/qordy.com/httpdocs/app/config/constants_helpers.php:212) in /var/www/vhosts/qordy.com/httpdocs/app/helpers/receipt.php on line 9"
[01-Jun-2026 16:25:32] WARNING: [pool qordy.com] child 397891 said into stderr: "PHP message: PHP Fatal error:  Cannot redeclare getReceiptTypeLabels() (previously declared in /var/www/vhosts/qordy.com/httpdocs/app/config/constants_helpers.php:212) in /var/www/vhosts/qordy.com/httpdocs/app/helpers/receipt.php on line 9"
[01-Jun-2026 16:25:32] WARNING: [pool qordy.com] child 397891 said into stderr: "PHP message: PHP Fatal error:  Cannot redeclare getReceiptTypeLabels() (previously declared in /var/www/vhosts/qordy.com/httpdocs/app/config/constants_helpers.php:212) in /var/www/vhosts/qordy.com/httpdocs/app/helpers/receipt.php on line 9"
[01-Jun-2026 17:13:09] WARNING: [pool qordy.com] child 435747 said into stderr: "PHP message: PHP Fatal error:  Cannot declare class App\Helpers\SecretHelper, because the name is already in use in /var/www/vhosts/qordy.com/httpdocs/app/core/Support/SecretHelper.php on line 7"
[01-Jun-2026 17:14:06] WARNING: [pool qordy.com] child 437225 said into stderr: "PHP message: EncryptionHelper::decrypt - openssl_decrypt failed: error:06065064:digital envelope routines:EVP_DecryptFinal_ex:bad decrypt"
[01-Jun-2026 17:14:06] WARNING: [pool qordy.com] child 437225 said into stderr: "PHP message: EncryptionHelper::decrypt - openssl_decrypt failed: error:06065064:digital envelope routines:EVP_DecryptFinal_ex:bad decrypt"
[01-Jun-2026 17:14:07] WARNING: [pool qordy.com] child 437225 said into stderr: "PHP message: EncryptionHelper::decrypt - openssl_decrypt failed: error:06065064:digital envelope routines:EVP_DecryptFinal_ex:bad decrypt"
[01-Jun-2026 17:14:07] WARNING: [pool qordy.com] child 437225 said into stderr: "PHP message: EncryptionHelper::decrypt - openssl_decrypt failed: error:06065064:digital envelope routines:EVP_DecryptFinal_ex:bad decrypt"
[01-Jun-2026 17:14:07] WARNING: [pool qordy.com] child 437225 said into stderr: "PHP message: EncryptionHelper::decrypt - openssl_decrypt failed: error:06065064:digital envelope routines:EVP_DecryptFinal_ex:bad decrypt"
[01-Jun-2026 17:14:08] WARNING: [pool qordy.com] child 437225 said into stderr: "PHP message: EncryptionHelper::decrypt - openssl_decrypt failed: error:06065064:digital envelope routines:EVP_DecryptFinal_ex:bad decrypt"
[01-Jun-2026 17:14:08] WARNING: [pool qordy.com] child 437225 said into stderr: "PHP message: EncryptionHelper::decrypt - openssl_decrypt failed: error:06065064:digital envelope routines:EVP_DecryptFinal_ex:bad decrypt"
[01-Jun-2026 17:14:08] WARNING: [pool qordy.com] child 437225 said into stderr: "PHP message: EncryptionHelper::decrypt - openssl_decrypt failed: error:06065064:digital envelope routines:EVP_DecryptFinal_ex:bad decrypt"
[01-Jun-2026 17:14:08] WARNING: [pool qordy.com] child 437225 said into stderr: "PHP message: EncryptionHelper::decrypt - openssl_decrypt failed: error:06065064:digital envelope routines:EVP_DecryptFinal_ex:bad decrypt"
[01-Jun-2026 18:03:25] WARNING: [pool qordy.com] child 471216 said into stderr: "PHP message: PHP Fatal error:  Cannot declare class App\Helpers\SecretHelper, because the name is already in use in /var/www/vhosts/qordy.com/httpdocs/app/core/Support/SecretHelper.php on line 7"
